<?xml version="1.0" encoding="UTF-8"?>
<!-- Generated by org.testng.reporters.JUnitXMLReporter -->
<testsuite ignored="0" hostname="DESKTOP-K5QR6PC" failures="0" tests="11" name="Surefire test" time="91.354" errors="0" timestamp="2024-07-28T21:33:03 IST">
  <testcase classname="io.cucumber.testng.AbstractTestNGCucumberTests" name="runScenario" time="13.608"/>
  <testcase classname="SeleniumPractice.SeleniumHybridFrameworkNew.TC_CartPageTest" name="validateContinueShopping" time="1.594"/>
  <testcase classname="SeleniumPractice.SeleniumHybridFrameworkNew.TC_CartPageTest" name="validateMessageWhileNoProductExistsInCart" time="27.4"/>
  <testcase classname="SeleniumPractice.SeleniumHybridFrameworkNew.TC_CartPageTest" name="validateTitle" time="2.853"/>
  <testcase classname="SeleniumPractice.SeleniumHybridFrameworkNew.TC_ProductCatalogueTest" name="checkProductAvailability" time="1.068"/>
  <testcase classname="SeleniumPractice.SeleniumHybridFrameworkNew.TC_ProductCatalogueTest" name="checkProductWithinGivenPriceRange" time="3.235"/>
  <testcase classname="SeleniumPractice.SeleniumHybridFrameworkNew.TC_ProductCatalogueTest" name="checkProductWithinInvalidPriceRange" time="1.532"/>
  <testcase classname="SeleniumPractice.SeleniumHybridFrameworkNew.TC_SubmitOrderTest" name="submitOrder" time="6.351"/>
  <testcase classname="SeleniumPractice.SeleniumHybridFrameworkNew.TC_SubmitOrderTest" name="submitOrder" time="8.358"/>
  <testcase classname="SeleniumPractice.SeleniumHybridFrameworkNew.TC_SubmitOrderTest" name="orderHistoryTest" time="0.672"/>
  <testcase classname="SeleniumPractice.SeleniumHybridFrameworkNew.TC_SubmitOrderTest" name="orderHistoryTest" time="0.265"/>
</testsuite> <!-- Surefire test -->
