<?xml version="1.0" encoding="UTF-8"?>
<!-- Generated by org.testng.reporters.JUnitXMLReporter -->
<testsuite ignored="0" hostname="DESKTOP-K5QR6PC" failures="0" tests="3" name="Cart Page Test" time="34.113" errors="0" timestamp="2024-06-27T08:55:50 IST">
  <testcase classname="SeleniumPractice.SeleniumHybridFrameworkNew.TC_CartPageTest" name="validateContinueShopping" time="0.86"/>
  <testcase classname="SeleniumPractice.SeleniumHybridFrameworkNew.TC_CartPageTest" name="validateMessageWhileNoProductExistsInCart" time="26.252"/>
  <testcase classname="SeleniumPractice.SeleniumHybridFrameworkNew.TC_CartPageTest" name="validateTitle" time="2.309"/>
</testsuite> <!-- Cart Page Test -->
