<?xml version="1.0" encoding="UTF-8"?>
<!-- Generated by org.testng.reporters.JUnitXMLReporter -->
<testsuite ignored="0" hostname="DESKTOP-K5QR6PC" failures="0" tests="4" name="Test2" time="12.096" errors="0" timestamp="2024-06-26T14:31:34 IST">
  <testcase classname="SeleniumPractice.SeleniumHybridFrameworkNew.TC_SubmitOrder" name="submitOrder" time="3.249"/>
  <testcase classname="SeleniumPractice.SeleniumHybridFrameworkNew.TC_SubmitOrder" name="submitOrder" time="3.799"/>
  <testcase classname="SeleniumPractice.SeleniumHybridFrameworkNew.TC_SubmitOrder" name="orderHistoryTest" time="0.347"/>
  <testcase classname="SeleniumPractice.SeleniumHybridFrameworkNew.TC_SubmitOrder" name="orderHistoryTest" time="0.185"/>
</testsuite> <!-- Test2 -->
