<?xml version="1.0" encoding="UTF-8"?>
<!-- Generated by org.testng.reporters.JUnitXMLReporter -->
<testsuite ignored="1" hostname="DESKTOP-K5QR6PC" failures="0" tests="2" name="Cart Page Test" time="14.848" errors="0" timestamp="2024-07-03T23:45:57 IST">
  <testcase classname="SeleniumPractice.SeleniumHybridFrameworkNew.TC_CartPageTest" name="validateContinueShopping" time="1.252"/>
  <testcase classname="SeleniumPractice.SeleniumHybridFrameworkNew.TC_CartPageTest" name="validateTitle" time="2.9"/>
  <testcase classname="SeleniumPractice.SeleniumHybridFrameworkNew.TC_CartPageTest" name="validateMessageWhileNoProductExistsInCart" time="0.0">
    <ignored/>
  </testcase> <!-- validateMessageWhileNoProductExistsInCart -->
</testsuite> <!-- Cart Page Test -->
