<?xml version="1.0" encoding="UTF-8"?>
<!-- Generated by org.testng.reporters.JUnitXMLReporter -->
<testsuite ignored="2" hostname="DESKTOP-K5QR6PC" failures="0" tests="1" name="Product Catalogue Test" time="34.108" errors="0" timestamp="2024-08-01T23:19:02 IST">
  <testcase classname="SeleniumPractice.SeleniumHybridFrameworkNew.TC_ProductCatalogueTest" name="checkProductAvailability" time="3.527"/>
  <testcase classname="SeleniumPractice.SeleniumHybridFrameworkNew.TC_ProductCatalogueTest" name="checkProductWithinGivenPriceRange" time="0.0">
    <ignored/>
  </testcase> <!-- checkProductWithinGivenPriceRange -->
  <testcase classname="SeleniumPractice.SeleniumHybridFrameworkNew.TC_ProductCatalogueTest" name="checkProductWithinInvalidPriceRange" time="0.0">
    <ignored/>
  </testcase> <!-- checkProductWithinInvalidPriceRange -->
</testsuite> <!-- Product Catalogue Test -->
