<?xml version="1.0" encoding="UTF-8"?>
<!-- Generated by org.testng.reporters.JUnitXMLReporter -->
<testsuite ignored="2" hostname="DESKTOP-K5QR6PC" failures="0" tests="0" time="0.0" errors="0" timestamp="2024-08-01T23:19:02 IST">
  <testcase classname="SeleniumPractice.SeleniumHybridFrameworkNew.TC_SubmitOrderTest" name="submitOrder" time="0.0">
    <ignored/>
  </testcase> <!-- submitOrder -->
  <testcase classname="SeleniumPractice.SeleniumHybridFrameworkNew.TC_SubmitOrderTest" name="orderHistoryTest" time="0.0">
    <ignored/>
  </testcase> <!-- orderHistoryTest -->
</testsuite>
