<?xml version="1.0" encoding="UTF-8"?>
<testng-results ignored="5" total="8" passed="3" failed="0" skipped="0">
  <reporter-output>
  </reporter-output>
  <suite started-at="2024-08-01T23:18:27 IST" name="Suite" finished-at="2024-08-01T23:19:29 IST" duration-ms="62316">
    <groups>
      <group name="regression">
        <method signature="TC_ProductCatalogueTest.checkProductAvailability()[pri:1, instance:SeleniumPractice.SeleniumHybridFrameworkNew.TC_ProductCatalogueTest@5032714f]" name="checkProductAvailability" class="SeleniumPractice.SeleniumHybridFrameworkNew.TC_ProductCatalogueTest"/>
      </group> <!-- regression -->
      <group name="smoke">
        <method signature="TC_ProductCatalogueTest.checkProductAvailability()[pri:1, instance:SeleniumPractice.SeleniumHybridFrameworkNew.TC_ProductCatalogueTest@5032714f]" name="checkProductAvailability" class="SeleniumPractice.SeleniumHybridFrameworkNew.TC_ProductCatalogueTest"/>
        <method signature="TC_CartPageTest.validateContinueShopping()[pri:0, instance:SeleniumPractice.SeleniumHybridFrameworkNew.TC_CartPageTest@5b38c1ec]" name="validateContinueShopping" class="SeleniumPractice.SeleniumHybridFrameworkNew.TC_CartPageTest"/>
        <method signature="TC_CartPageTest.validateTitle()[pri:0, instance:SeleniumPractice.SeleniumHybridFrameworkNew.TC_CartPageTest@5b38c1ec]" name="validateTitle" class="SeleniumPractice.SeleniumHybridFrameworkNew.TC_CartPageTest"/>
      </group> <!-- smoke -->
    </groups>
    <test started-at="2024-08-01T23:18:27 IST" name="Product Catalogue Test" finished-at="2024-08-01T23:19:01 IST" duration-ms="34108">
      <class name="SeleniumPractice.SeleniumHybridFrameworkNew.TC_ProductCatalogueTest">
        <test-method is-config="true" signature="launchApplication()[pri:0, instance:SeleniumPractice.SeleniumHybridFrameworkNew.TC_ProductCatalogueTest@5032714f]" started-at="2024-08-01T23:18:27 IST" name="launchApplication" finished-at="2024-08-01T23:18:57 IST" duration-ms="30056" status="PASS">
          <reporter-output>
          </reporter-output>
        </test-method> <!-- launchApplication -->
        <test-method signature="checkProductAvailability()[pri:1, instance:SeleniumPractice.SeleniumHybridFrameworkNew.TC_ProductCatalogueTest@5032714f]" started-at="2024-08-01T23:18:57 IST" name="checkProductAvailability" finished-at="2024-08-01T23:19:00 IST" duration-ms="3527" status="PASS">
          <reporter-output>
          </reporter-output>
        </test-method> <!-- checkProductAvailability -->
        <test-method is-config="true" signature="teardown()[pri:0, instance:SeleniumPractice.SeleniumHybridFrameworkNew.TC_ProductCatalogueTest@5032714f]" started-at="2024-08-01T23:19:00 IST" name="teardown" finished-at="2024-08-01T23:19:01 IST" duration-ms="430" status="PASS">
          <reporter-output>
          </reporter-output>
        </test-method> <!-- teardown -->
      </class> <!-- SeleniumPractice.SeleniumHybridFrameworkNew.TC_ProductCatalogueTest -->
    </test> <!-- Product Catalogue Test -->
    <test started-at="2024-08-01T23:19:02 IST" name="Submit Order Test" finished-at="2024-08-01T23:19:02 IST" duration-ms="0">
    </test> <!-- Submit Order Test -->
    <test started-at="2024-08-01T23:19:02 IST" name="Cart Page Test" finished-at="2024-08-01T23:19:29 IST" duration-ms="27001">
      <class name="SeleniumPractice.SeleniumHybridFrameworkNew.TC_CartPageTest">
        <test-method is-config="true" signature="launchApplication()[pri:0, instance:SeleniumPractice.SeleniumHybridFrameworkNew.TC_CartPageTest@5b38c1ec]" started-at="2024-08-01T23:19:02 IST" name="launchApplication" finished-at="2024-08-01T23:19:23 IST" duration-ms="21500" status="PASS">
          <reporter-output>
          </reporter-output>
        </test-method> <!-- launchApplication -->
        <test-method signature="validateContinueShopping()[pri:0, instance:SeleniumPractice.SeleniumHybridFrameworkNew.TC_CartPageTest@5b38c1ec]" started-at="2024-08-01T23:19:23 IST" name="validateContinueShopping" finished-at="2024-08-01T23:19:26 IST" duration-ms="2771" status="PASS">
          <reporter-output>
          </reporter-output>
        </test-method> <!-- validateContinueShopping -->
        <test-method signature="validateTitle()[pri:0, instance:SeleniumPractice.SeleniumHybridFrameworkNew.TC_CartPageTest@5b38c1ec]" started-at="2024-08-01T23:19:26 IST" name="validateTitle" finished-at="2024-08-01T23:19:29 IST" duration-ms="2397" status="PASS">
          <reporter-output>
          </reporter-output>
        </test-method> <!-- validateTitle -->
        <test-method is-config="true" signature="teardown()[pri:0, instance:SeleniumPractice.SeleniumHybridFrameworkNew.TC_CartPageTest@5b38c1ec]" started-at="2024-08-01T23:19:29 IST" name="teardown" finished-at="2024-08-01T23:19:29 IST" duration-ms="323" status="PASS">
          <reporter-output>
          </reporter-output>
        </test-method> <!-- teardown -->
      </class> <!-- SeleniumPractice.SeleniumHybridFrameworkNew.TC_CartPageTest -->
    </test> <!-- Cart Page Test -->
  </suite> <!-- Suite -->
</testng-results>
