<?xml version="1.0" encoding="UTF-8"?>
<testng-results ignored="0" total="1" passed="1" failed="0" skipped="0">
  <reporter-output>
  </reporter-output>
  <suite started-at="2024-07-03T23:32:37 IST" name="Default suite" finished-at="2024-07-03T23:32:50 IST" duration-ms="13503">
    <groups>
      <group name="cucumber">
        <method signature="AbstractTestNGCucumberTests.runScenario(io.cucumber.testng.PickleWrapper,io.cucumber.testng.FeatureWrapper)[pri:0, instance:cucumberExe.TestNGTestRunner@53ce1329]" name="runScenario" class="io.cucumber.testng.AbstractTestNGCucumberTests"/>
      </group> <!-- cucumber -->
    </groups>
    <test started-at="2024-07-03T23:32:37 IST" name="Default test" finished-at="2024-07-03T23:32:50 IST" duration-ms="13503">
      <class name="cucumberExe.TestNGTestRunner">
        <test-method is-config="true" signature="setUpClass(org.testng.ITestContext)[pri:0, instance:cucumberExe.TestNGTestRunner@53ce1329]" started-at="2024-07-03T23:32:37 IST" name="setUpClass" finished-at="2024-07-03T23:32:38 IST" duration-ms="1164" status="PASS">
          <params>
            <param index="0">
              <value>
                <![CDATA[org.testng.TestRunner@302edb74]]>
              </value>
            </param>
          </params>
          <reporter-output>
          </reporter-output>
        </test-method> <!-- setUpClass -->
        <test-method signature="runScenario(io.cucumber.testng.PickleWrapper,io.cucumber.testng.FeatureWrapper)[pri:0, instance:cucumberExe.TestNGTestRunner@53ce1329]" started-at="2024-07-03T23:32:38 IST" name="runScenario" description="Runs Cucumber Scenarios" data-provider="scenarios" finished-at="2024-07-03T23:32:50 IST" duration-ms="12218" status="PASS">
          <params>
            <param index="0">
              <value>
                <![CDATA["Positive test of purchasing an order"]]>
              </value>
            </param>
            <param index="1">
              <value>
                <![CDATA["Purchase order from ECommerce"]]>
              </value>
            </param>
          </params>
          <reporter-output>
          </reporter-output>
        </test-method> <!-- runScenario -->
        <test-method is-config="true" signature="tearDownClass()[pri:0, instance:cucumberExe.TestNGTestRunner@53ce1329]" started-at="2024-07-03T23:32:50 IST" name="tearDownClass" finished-at="2024-07-03T23:32:50 IST" duration-ms="59" status="PASS">
          <reporter-output>
          </reporter-output>
        </test-method> <!-- tearDownClass -->
      </class> <!-- cucumberExe.TestNGTestRunner -->
    </test> <!-- Default test -->
  </suite> <!-- Default suite -->
</testng-results>
